<?xml version="1.0" encoding="utf-8"?>
<coverage line-rate="0.7443000000000001" branch-rate="1" version="1.9" timestamp="1610747422" lines-covered="99" lines-valid="133" branches-covered="12" branches-valid="12">
  <sources>
    <source>C:\Users\ImranE\</source>
  </sources>
  <packages>
    <package name="TwelveDays.Tests" line-rate="0.7443000000000001" branch-rate="1" complexity="23">
      <classes>
        <class name="AutoGeneratedProgram" filename=".nuget\packages\microsoft.net.test.sdk\16.5.0\build\netcoreapp2.1\Microsoft.NET.Test.Sdk.Program.cs" line-rate="0" branch-rate="1" complexity="1">
          <methods>
            <method name="Main" signature="(System.String[])" line-rate="0" branch-rate="1" complexity="1">
              <lines>
                <line number="4" hits="0" branch="False" />
              </lines>
            </method>
          </methods>
          <lines>
            <line number="4" hits="0" branch="False" />
          </lines>
        </class>
        <class name="TwelveDays.Tests.DaysRepo" filename="code\dotnet\twelve-days-of-xmas-kata\TwelveDays.Tests\DaysRepo.cs" line-rate="0.1176" branch-rate="1" complexity="1">
          <methods>
            <method name="Get" signature="()" line-rate="0.1176" branch-rate="1" complexity="1">
              <lines>
                <line number="8" hits="37" branch="False" />
                <line number="9" hits="0" branch="False" />
                <line number="10" hits="0" branch="False" />
                <line number="11" hits="0" branch="False" />
                <line number="12" hits="0" branch="False" />
                <line number="13" hits="0" branch="False" />
                <line number="14" hits="0" branch="False" />
                <line number="15" hits="0" branch="False" />
                <line number="16" hits="0" branch="False" />
                <line number="17" hits="0" branch="False" />
                <line number="18" hits="0" branch="False" />
                <line number="19" hits="0" branch="False" />
                <line number="20" hits="0" branch="False" />
                <line number="21" hits="0" branch="False" />
                <line number="22" hits="0" branch="False" />
                <line number="23" hits="0" branch="False" />
                <line number="24" hits="37" branch="False" />
              </lines>
            </method>
          </methods>
          <lines>
            <line number="8" hits="37" branch="False" />
            <line number="9" hits="0" branch="False" />
            <line number="10" hits="0" branch="False" />
            <line number="11" hits="0" branch="False" />
            <line number="12" hits="0" branch="False" />
            <line number="13" hits="0" branch="False" />
            <line number="14" hits="0" branch="False" />
            <line number="15" hits="0" branch="False" />
            <line number="16" hits="0" branch="False" />
            <line number="17" hits="0" branch="False" />
            <line number="18" hits="0" branch="False" />
            <line number="19" hits="0" branch="False" />
            <line number="20" hits="0" branch="False" />
            <line number="21" hits="0" branch="False" />
            <line number="22" hits="0" branch="False" />
            <line number="23" hits="0" branch="False" />
            <line number="24" hits="37" branch="False" />
          </lines>
        </class>
        <class name="TwelveDays.Tests.GiftsRepo" filename="code\dotnet\twelve-days-of-xmas-kata\TwelveDays.Tests\GiftsRepo.cs" line-rate="0.1176" branch-rate="1" complexity="1">
          <methods>
            <method name="Get" signature="()" line-rate="0.1176" branch-rate="1" complexity="1">
              <lines>
                <line number="8" hits="204" branch="False" />
                <line number="9" hits="0" branch="False" />
                <line number="10" hits="0" branch="False" />
                <line number="11" hits="0" branch="False" />
                <line number="12" hits="0" branch="False" />
                <line number="13" hits="0" branch="False" />
                <line number="14" hits="0" branch="False" />
                <line number="15" hits="0" branch="False" />
                <line number="16" hits="0" branch="False" />
                <line number="17" hits="0" branch="False" />
                <line number="18" hits="0" branch="False" />
                <line number="19" hits="0" branch="False" />
                <line number="20" hits="0" branch="False" />
                <line number="21" hits="0" branch="False" />
                <line number="22" hits="0" branch="False" />
                <line number="23" hits="0" branch="False" />
                <line number="24" hits="204" branch="False" />
              </lines>
            </method>
          </methods>
          <lines>
            <line number="8" hits="204" branch="False" />
            <line number="9" hits="0" branch="False" />
            <line number="10" hits="0" branch="False" />
            <line number="11" hits="0" branch="False" />
            <line number="12" hits="0" branch="False" />
            <line number="13" hits="0" branch="False" />
            <line number="14" hits="0" branch="False" />
            <line number="15" hits="0" branch="False" />
            <line number="16" hits="0" branch="False" />
            <line number="17" hits="0" branch="False" />
            <line number="18" hits="0" branch="False" />
            <line number="19" hits="0" branch="False" />
            <line number="20" hits="0" branch="False" />
            <line number="21" hits="0" branch="False" />
            <line number="22" hits="0" branch="False" />
            <line number="23" hits="0" branch="False" />
            <line number="24" hits="204" branch="False" />
          </lines>
        </class>
        <class name="TwelveDays.Tests.IOHelper" filename="code\dotnet\twelve-days-of-xmas-kata\TwelveDays.Tests\IOHelper.cs" line-rate="0" branch-rate="1" complexity="1">
          <methods>
            <method name="LogOutputToTextFile" signature="(System.String)" line-rate="0" branch-rate="1" complexity="1">
              <lines>
                <line number="14" hits="0" branch="False" />
                <line number="15" hits="0" branch="False" />
                <line number="16" hits="0" branch="False" />
              </lines>
            </method>
          </methods>
          <lines>
            <line number="14" hits="0" branch="False" />
            <line number="15" hits="0" branch="False" />
            <line number="16" hits="0" branch="False" />
          </lines>
        </class>
        <class name="TwelveDays.Tests.TwelveDaysOfChristmas" filename="code\dotnet\twelve-days-of-xmas-kata\TwelveDays.Tests\TwelveDaysOfChristmas.cs" line-rate="1" branch-rate="1" complexity="15">
          <methods>
            <method name="get_Gifts" signature="()" line-rate="1" branch-rate="1" complexity="1">
              <lines>
                <line number="20" hits="204" branch="False" />
              </lines>
            </method>
            <method name="get_Days" signature="()" line-rate="1" branch-rate="1" complexity="1">
              <lines>
                <line number="21" hits="37" branch="False" />
              </lines>
            </method>
            <method name="GetVerse" signature="(System.Int32)" line-rate="1" branch-rate="1" complexity="4">
              <lines>
                <line number="24" hits="25" branch="False" />
                <line number="26" hits="25" branch="False" />
                <line number="27" hits="25" branch="False" />
                <line number="28" hits="25" branch="False" />
                <line number="30" hits="25" branch="True" condition-coverage="100% (2/2)">
                  <conditions>
                    <condition number="22" type="jump" coverage="100%" />
                  </conditions>
                </line>
                <line number="31" hits="2" branch="False" />
                <line number="32" hits="2" branch="False" />
                <line number="33" hits="2" branch="False" />
                <line number="34" hits="2" branch="False" />
                <line number="36" hits="23" branch="False" />
                <line number="37" hits="23" branch="False" />
                <line number="38" hits="22" branch="False" />
                <line number="39" hits="22" branch="False" />
                <line number="41" hits="24" branch="False" />
                <line number="43" hits="24" branch="False" />
                <line number="44" hits="24" branch="False" />
                <line number="46" hits="24" branch="True" condition-coverage="100% (2/2)">
                  <conditions>
                    <condition number="155" type="jump" coverage="100%" />
                  </conditions>
                </line>
                <line number="47" hits="2" branch="False" />
                <line number="48" hits="2" branch="False" />
                <line number="49" hits="2" branch="False" />
                <line number="51" hits="22" branch="False" />
                <line number="52" hits="22" branch="False" />
                <line number="53" hits="22" branch="False" />
                <line number="55" hits="24" branch="False" />
                <line number="57" hits="24" branch="False" />
                <line number="60" hits="1" branch="False" />
                <line number="61" hits="1" branch="False" />
                <line number="62" hits="1" branch="False" />
                <line number="64" hits="25" branch="False" />
              </lines>
            </method>
            <method name="GetSong" signature="()" line-rate="1" branch-rate="1" complexity="8">
              <lines>
                <line number="67" hits="1" branch="False" />
                <line number="68" hits="1" branch="False" />
                <line number="70" hits="26" branch="True" condition-coverage="100% (2/2)">
                  <conditions>
                    <condition number="369" type="jump" coverage="100%" />
                  </conditions>
                </line>
                <line number="71" hits="12" branch="False" />
                <line number="72" hits="12" branch="False" />
                <line number="73" hits="12" branch="False" />
                <line number="74" hits="12" branch="False" />
                <line number="76" hits="12" branch="True" condition-coverage="100% (2/2)">
                  <conditions>
                    <condition number="103" type="jump" coverage="100%" />
                  </conditions>
                </line>
                <line number="77" hits="1" branch="False" />
                <line number="78" hits="1" branch="False" />
                <line number="79" hits="1" branch="False" />
                <line number="80" hits="1" branch="False" />
                <line number="82" hits="11" branch="False" />
                <line number="83" hits="11" branch="False" />
                <line number="84" hits="11" branch="False" />
                <line number="85" hits="11" branch="False" />
                <line number="87" hits="154" branch="True" condition-coverage="100% (2/2)">
                  <conditions>
                    <condition number="346" type="jump" coverage="100%" />
                  </conditions>
                </line>
                <line number="88" hits="66" branch="False" />
                <line number="89" hits="66" branch="False" />
                <line number="90" hits="66" branch="False" />
                <line number="92" hits="66" branch="True" condition-coverage="100% (2/2)">
                  <conditions>
                    <condition number="255" type="jump" coverage="100%" />
                  </conditions>
                </line>
                <line number="93" hits="11" branch="False" />
                <line number="94" hits="11" branch="False" />
                <line number="95" hits="11" branch="False" />
                <line number="96" hits="11" branch="False" />
                <line number="98" hits="55" branch="False" />
                <line number="99" hits="55" branch="False" />
                <line number="100" hits="55" branch="False" />
                <line number="101" hits="55" branch="False" />
                <line number="102" hits="66" branch="False" />
                <line number="103" hits="11" branch="False" />
                <line number="104" hits="12" branch="False" />
                <line number="106" hits="1" branch="False" />
                <line number="108" hits="1" branch="False" />
                <line number="110" hits="1" branch="False" />
                <line number="111" hits="1" branch="False" />
              </lines>
            </method>
            <method name=".ctor" signature="(TwelveDays.Tests.IIOHelper)" line-rate="1" branch-rate="1" complexity="1">
              <lines>
                <line number="15" hits="15" branch="False" />
                <line number="16" hits="15" branch="False" />
                <line number="17" hits="15" branch="False" />
                <line number="18" hits="15" branch="False" />
              </lines>
            </method>
          </methods>
          <lines>
            <line number="20" hits="204" branch="False" />
            <line number="21" hits="37" branch="False" />
            <line number="24" hits="25" branch="False" />
            <line number="26" hits="25" branch="False" />
            <line number="27" hits="25" branch="False" />
            <line number="28" hits="25" branch="False" />
            <line number="30" hits="25" branch="True" condition-coverage="100% (2/2)">
              <conditions>
                <condition number="22" type="jump" coverage="100%" />
              </conditions>
            </line>
            <line number="31" hits="2" branch="False" />
            <line number="32" hits="2" branch="False" />
            <line number="33" hits="2" branch="False" />
            <line number="34" hits="2" branch="False" />
            <line number="36" hits="23" branch="False" />
            <line number="37" hits="23" branch="False" />
            <line number="38" hits="22" branch="False" />
            <line number="39" hits="22" branch="False" />
            <line number="41" hits="24" branch="False" />
            <line number="43" hits="24" branch="False" />
            <line number="44" hits="24" branch="False" />
            <line number="46" hits="24" branch="True" condition-coverage="100% (2/2)">
              <conditions>
                <condition number="155" type="jump" coverage="100%" />
              </conditions>
            </line>
            <line number="47" hits="2" branch="False" />
            <line number="48" hits="2" branch="False" />
            <line number="49" hits="2" branch="False" />
            <line number="51" hits="22" branch="False" />
            <line number="52" hits="22" branch="False" />
            <line number="53" hits="22" branch="False" />
            <line number="55" hits="24" branch="False" />
            <line number="57" hits="24" branch="False" />
            <line number="60" hits="1" branch="False" />
            <line number="61" hits="1" branch="False" />
            <line number="62" hits="1" branch="False" />
            <line number="64" hits="25" branch="False" />
            <line number="67" hits="1" branch="False" />
            <line number="68" hits="1" branch="False" />
            <line number="70" hits="26" branch="True" condition-coverage="100% (2/2)">
              <conditions>
                <condition number="369" type="jump" coverage="100%" />
              </conditions>
            </line>
            <line number="71" hits="12" branch="False" />
            <line number="72" hits="12" branch="False" />
            <line number="73" hits="12" branch="False" />
            <line number="74" hits="12" branch="False" />
            <line number="76" hits="12" branch="True" condition-coverage="100% (2/2)">
              <conditions>
                <condition number="103" type="jump" coverage="100%" />
              </conditions>
            </line>
            <line number="77" hits="1" branch="False" />
            <line number="78" hits="1" branch="False" />
            <line number="79" hits="1" branch="False" />
            <line number="80" hits="1" branch="False" />
            <line number="82" hits="11" branch="False" />
            <line number="83" hits="11" branch="False" />
            <line number="84" hits="11" branch="False" />
            <line number="85" hits="11" branch="False" />
            <line number="87" hits="154" branch="True" condition-coverage="100% (2/2)">
              <conditions>
                <condition number="346" type="jump" coverage="100%" />
              </conditions>
            </line>
            <line number="88" hits="66" branch="False" />
            <line number="89" hits="66" branch="False" />
            <line number="90" hits="66" branch="False" />
            <line number="92" hits="66" branch="True" condition-coverage="100% (2/2)">
              <conditions>
                <condition number="255" type="jump" coverage="100%" />
              </conditions>
            </line>
            <line number="93" hits="11" branch="False" />
            <line number="94" hits="11" branch="False" />
            <line number="95" hits="11" branch="False" />
            <line number="96" hits="11" branch="False" />
            <line number="98" hits="55" branch="False" />
            <line number="99" hits="55" branch="False" />
            <line number="100" hits="55" branch="False" />
            <line number="101" hits="55" branch="False" />
            <line number="102" hits="66" branch="False" />
            <line number="103" hits="11" branch="False" />
            <line number="104" hits="12" branch="False" />
            <line number="106" hits="1" branch="False" />
            <line number="108" hits="1" branch="False" />
            <line number="110" hits="1" branch="False" />
            <line number="111" hits="1" branch="False" />
            <line number="15" hits="15" branch="False" />
            <line number="16" hits="15" branch="False" />
            <line number="17" hits="15" branch="False" />
            <line number="18" hits="15" branch="False" />
          </lines>
        </class>
        <class name="TwelveDays.Tests.TwelveDaysOfChristmasTests" filename="code\dotnet\twelve-days-of-xmas-kata\TwelveDays.Tests\TwelveDaysOfChristmasTests.cs" line-rate="1" branch-rate="1" complexity="4">
          <methods>
            <method name="Init" signature="()" line-rate="1" branch-rate="1" complexity="1">
              <lines>
                <line number="14" hits="14" branch="False" />
                <line number="15" hits="14" branch="False" />
                <line number="16" hits="14" branch="False" />
                <line number="17" hits="14" branch="False" />
              </lines>
            </method>
            <method name="GivenAnInvalidId_WhenGettingAVerse_ThenReturnErrorMessage" signature="()" line-rate="1" branch-rate="1" complexity="1">
              <lines>
                <line number="33" hits="1" branch="False" />
                <line number="34" hits="1" branch="False" />
                <line number="36" hits="1" branch="False" />
                <line number="38" hits="1" branch="False" />
                <line number="39" hits="1" branch="False" />
              </lines>
            </method>
            <method name="GivenASpecificId_ReturnCorrelatingVerseOfTwelveDaysOfChristmasSong" signature="(System.Int32,System.String)" line-rate="1" branch-rate="1" complexity="1">
              <lines>
                <line number="54" hits="12" branch="False" />
                <line number="55" hits="12" branch="False" />
                <line number="57" hits="12" branch="False" />
                <line number="58" hits="12" branch="False" />
              </lines>
            </method>
            <method name="ReturnTwelveDaysOfChristmasSong" signature="()" line-rate="1" branch-rate="1" complexity="1">
              <lines>
                <line number="62" hits="1" branch="False" />
                <line number="63" hits="1" branch="False" />
                <line number="64" hits="1" branch="False" />
                <line number="66" hits="1" branch="False" />
                <line number="67" hits="1" branch="False" />
                <line number="68" hits="1" branch="False" />
                <line number="70" hits="1" branch="False" />
                <line number="72" hits="1" branch="False" />
                <line number="74" hits="1" branch="False" />
                <line number="75" hits="1" branch="False" />
                <line number="76" hits="1" branch="False" />
              </lines>
            </method>
          </methods>
          <lines>
            <line number="14" hits="14" branch="False" />
            <line number="15" hits="14" branch="False" />
            <line number="16" hits="14" branch="False" />
            <line number="17" hits="14" branch="False" />
            <line number="33" hits="1" branch="False" />
            <line number="34" hits="1" branch="False" />
            <line number="36" hits="1" branch="False" />
            <line number="38" hits="1" branch="False" />
            <line number="39" hits="1" branch="False" />
            <line number="54" hits="12" branch="False" />
            <line number="55" hits="12" branch="False" />
            <line number="57" hits="12" branch="False" />
            <line number="58" hits="12" branch="False" />
            <line number="62" hits="1" branch="False" />
            <line number="63" hits="1" branch="False" />
            <line number="64" hits="1" branch="False" />
            <line number="66" hits="1" branch="False" />
            <line number="67" hits="1" branch="False" />
            <line number="68" hits="1" branch="False" />
            <line number="70" hits="1" branch="False" />
            <line number="72" hits="1" branch="False" />
            <line number="74" hits="1" branch="False" />
            <line number="75" hits="1" branch="False" />
            <line number="76" hits="1" branch="False" />
          </lines>
        </class>
      </classes>
    </package>
  </packages>
</coverage>